-------------------------------------------------------------------------------
Test set: de.bund.bfr.knime.gis.views.canvas.highlighting.LogicalValueHighlightConditionTest
-------------------------------------------------------------------------------
Tests run: 5, Failures: 0, Errors: 0, Skipped: 0, Time elapsed: 0.164 sec - in de.bund.bfr.knime.gis.views.canvas.highlighting.LogicalValueHighlightConditionTest
testCopy(de.bund.bfr.knime.gis.views.canvas.highlighting.LogicalValueHighlightConditionTest)  Time elapsed: 0.001 sec
testGetValueRange(de.bund.bfr.knime.gis.views.canvas.highlighting.LogicalValueHighlightConditionTest)  Time elapsed: 0.159 sec
testLogicalValueHighlightConditionValueHighlightConditionAndOrHighlightCondition(de.bund.bfr.knime.gis.views.canvas.highlighting.LogicalValueHighlightConditionTest)  Time elapsed: 0 sec
testLogicalValueHighlightCondition(de.bund.bfr.knime.gis.views.canvas.highlighting.LogicalValueHighlightConditionTest)  Time elapsed: 0 sec
testGetValues(de.bund.bfr.knime.gis.views.canvas.highlighting.LogicalValueHighlightConditionTest)  Time elapsed: 0.001 sec
