<?xml version="1.0" encoding="UTF-8"?>
<testsuite name="de.bund.bfr.knime.gis.views.canvas.highlighting.LogicalHighlightConditionTest" time="0.001" tests="3" errors="0" skipped="0" failures="0">
  <properties>
[...]
</properties>
  <testcase name="testLogicalHighlightConditionStringStringString" classname="de.bund.bfr.knime.gis.views.canvas.highlighting.LogicalHighlightConditionTest" time="0"/>
  <testcase name="testLogicalHighlightCondition" classname="de.bund.bfr.knime.gis.views.canvas.highlighting.LogicalHighlightConditionTest" time="0"/>
  <testcase name="testGetValues" classname="de.bund.bfr.knime.gis.views.canvas.highlighting.LogicalHighlightConditionTest" time="0.001"/>
</testsuite>